Using pre-set license
Built from '2022.3/china_unity/release' branch; Version is '2022.3.15f1c1 (18739dc7bca8) revision 1602461'; Using compiler version '192829333'; Build Type 'Release'
OS: 'Windows 10  (10.0.19045) 64bit Professional' Language: 'zh' Physical Memory: 8107 MB
BatchMode: 1, IsHumanControllingUs: 0, StartBugReporterOnCrash: 0, Is64bit: 1, IsPro: 1

COMMAND LINE ARGUMENTS:
C:\Program Files\Unity\Hub\Editor\2022.3.15f1c1\Editor\Unity.exe
-adb2
-batchMode
-noUpm
-name
AssetImportWorker0
-projectPath
E:/kingBook/projects/unity_swfParse
-logFile
Logs/AssetImportWorker0.log
-srvPort
51916
Successfully changed project path to: E:/kingBook/projects/unity_swfParse
E:/kingBook/projects/unity_swfParse
[UnityMemory] Configuration Parameters - Can be set up in boot.config
    "memorysetup-bucket-allocator-granularity=16"
    "memorysetup-bucket-allocator-bucket-count=8"
    "memorysetup-bucket-allocator-block-size=33554432"
    "memorysetup-bucket-allocator-block-count=8"
    "memorysetup-main-allocator-block-size=16777216"
    "memorysetup-thread-allocator-block-size=16777216"
    "memorysetup-gfx-main-allocator-block-size=16777216"
    "memorysetup-gfx-thread-allocator-block-size=16777216"
    "memorysetup-cache-allocator-block-size=4194304"
    "memorysetup-typetree-allocator-block-size=2097152"
    "memorysetup-profiler-bucket-allocator-granularity=16"
    "memorysetup-profiler-bucket-allocator-bucket-count=8"
    "memorysetup-profiler-bucket-allocator-block-size=33554432"
    "memorysetup-profiler-bucket-allocator-block-count=8"
    "memorysetup-profiler-allocator-block-size=16777216"
    "memorysetup-profiler-editor-allocator-block-size=1048576"
    "memorysetup-temp-allocator-size-main=16777216"
    "memorysetup-job-temp-allocator-block-size=2097152"
    "memorysetup-job-temp-allocator-block-size-background=1048576"
    "memorysetup-job-temp-allocator-reduction-small-platforms=262144"
    "memorysetup-allocator-temp-initial-block-size-main=262144"
    "memorysetup-allocator-temp-initial-block-size-worker=262144"
    "memorysetup-temp-allocator-size-background-worker=32768"
    "memorysetup-temp-allocator-size-job-worker=262144"
    "memorysetup-temp-allocator-size-preload-manager=33554432"
    "memorysetup-temp-allocator-size-nav-mesh-worker=65536"
    "memorysetup-temp-allocator-size-audio-worker=65536"
    "memorysetup-temp-allocator-size-cloud-worker=32768"
    "memorysetup-temp-allocator-size-gi-baking-worker=262144"
    "memorysetup-temp-allocator-size-gfx=262144"
Player connection [8164] Host "[IP] 192.168.1.170 [Port] 0 [Flags] 2 [Guid] 613557262 [EditorId] 613557262 [Version] 1048832 [Id] WindowsEditor(7,kingBook) [Debug] 1 [PackageName] WindowsEditor [ProjectName] Editor" joined multi-casting on [225.0.0.222:54997]...

Player connection [8164] Host "[IP] 192.168.1.170 [Port] 0 [Flags] 2 [Guid] 613557262 [EditorId] 613557262 [Version] 1048832 [Id] WindowsEditor(7,kingBook) [Debug] 1 [PackageName] WindowsEditor [ProjectName] Editor" joined alternative multi-casting on [225.0.0.222:34997]...

[Physics::Module] Initialized MultithreadedJobDispatcher with 5 workers.
Refreshing native plugins compatible for Editor in 4.21 ms, found 0 plugins.
Preloading 0 native plugins for Editor in 0.00 ms.
Initialize engine version: 2022.3.15f1c1 (18739dc7bca8)
[Subsystems] Discovering subsystems at path C:/Program Files/Unity/Hub/Editor/2022.3.15f1c1/Editor/Data/Resources/UnitySubsystems
[Subsystems] Discovering subsystems at path E:/kingBook/projects/unity_swfParse/Assets
GfxDevice: creating device client; threaded=0; jobified=0
Direct3D:
    Version:  Direct3D 11.0 [level 11.0]
    Renderer: NVIDIA GeForce GTX 750 Ti (ID=0x1380)
    Vendor:   NVIDIA
    VRAM:     1999 MB
    Driver:   31.0.15.5186
Initialize mono
Mono path[0] = 'C:/Program Files/Unity/Hub/Editor/2022.3.15f1c1/Editor/Data/Managed'
Mono path[1] = 'C:/Program Files/Unity/Hub/Editor/2022.3.15f1c1/Editor/Data/MonoBleedingEdge/lib/mono/unityjit-win32'
Mono config path = 'C:/Program Files/Unity/Hub/Editor/2022.3.15f1c1/Editor/Data/MonoBleedingEdge/etc'
Using monoOptions --debugger-agent=transport=dt_socket,embedding=1,server=y,suspend=n,address=127.0.0.1:56208
Begin MonoManager ReloadAssembly
Registering precompiled unity dll's ...
Register platform support module: C:/Program Files/Unity/Hub/Editor/2022.3.15f1c1/Editor/Data/PlaybackEngines/WebGLSupport/UnityEditor.WebGL.Extensions.dll
Register platform support module: C:/Program Files/Unity/Hub/Editor/2022.3.15f1c1/Editor/Data/PlaybackEngines/AndroidPlayer/UnityEditor.Android.Extensions.dll
Register platform support module: C:/Program Files/Unity/Hub/Editor/2022.3.15f1c1/Editor/Data/PlaybackEngines/iOSSupport/UnityEditor.iOS.Extensions.dll
Register platform support module: C:/Program Files/Unity/Hub/Editor/2022.3.15f1c1/Editor/Data/PlaybackEngines/WindowsStandaloneSupport/UnityEditor.WindowsStandalone.Extensions.dll
Registered in 0.027241 seconds.
- Loaded All Assemblies, in  0.452 seconds
Native extension for WindowsStandalone target not found
[usbmuxd] Start listen thread
[usbmuxd] Listen thread started
Native extension for iOS target not found
Native extension for Android target not found
Android Extension - Scanning For ADB Devices 252 ms
Native extension for WebGL target not found
Mono: successfully reloaded assembly
- Finished resetting the current domain, in  0.638 seconds
Domain Reload Profiling: 1085ms
	BeginReloadAssembly (132ms)
		ExecutionOrderSort (0ms)
		DisableScriptedObjects (0ms)
		BackupInstance (0ms)
		ReleaseScriptingObjects (0ms)
		CreateAndSetChildDomain (1ms)
	RebuildCommonClasses (37ms)
	RebuildNativeTypeToScriptingClass (13ms)
	initialDomainReloadingComplete (91ms)
	LoadAllAssembliesAndSetupDomain (174ms)
		LoadAssemblies (128ms)
		RebuildTransferFunctionScriptingTraits (0ms)
		AnalyzeDomain (171ms)
			TypeCache.Refresh (169ms)
				TypeCache.ScanAssembly (153ms)
			ScanForSourceGeneratedMonoScriptInfo (0ms)
			ResolveRequiredComponents (0ms)
	FinalizeReload (638ms)
		ReleaseScriptCaches (0ms)
		RebuildScriptCaches (0ms)
		SetupLoadedEditorAssemblies (576ms)
			LogAssemblyErrors (0ms)
			InitializePlatformSupportModulesInManaged (402ms)
			SetLoadedEditorAssemblies (5ms)
			RefreshPlugins (0ms)
			BeforeProcessingInitializeOnLoad (2ms)
			ProcessInitializeOnLoadAttributes (120ms)
			ProcessInitializeOnLoadMethodAttributes (48ms)
			AfterProcessingInitializeOnLoad (0ms)
			EditorAssembliesLoaded (0ms)
		ExecutionOrderSort2 (0ms)
		AwakeInstancesAfterBackupRestoration (0ms)
========================================================================
Worker process is ready to serve import requests
Begin MonoManager ReloadAssembly
- Loaded All Assemblies, in  0.492 seconds
Refreshing native plugins compatible for Editor in 1.07 ms, found 0 plugins.
Native extension for WindowsStandalone target not found
Native extension for iOS target not found
Native extension for Android target not found
Native extension for WebGL target not found
Mono: successfully reloaded assembly
- Finished resetting the current domain, in  0.485 seconds
Domain Reload Profiling: 971ms
	BeginReloadAssembly (171ms)
		ExecutionOrderSort (0ms)
		DisableScriptedObjects (6ms)
		BackupInstance (0ms)
		ReleaseScriptingObjects (0ms)
		CreateAndSetChildDomain (23ms)
	RebuildCommonClasses (36ms)
	RebuildNativeTypeToScriptingClass (12ms)
	initialDomainReloadingComplete (51ms)
	LoadAllAssembliesAndSetupDomain (215ms)
		LoadAssemblies (256ms)
		RebuildTransferFunctionScriptingTraits (0ms)
		AnalyzeDomain (61ms)
			TypeCache.Refresh (50ms)
				TypeCache.ScanAssembly (38ms)
			ScanForSourceGeneratedMonoScriptInfo (8ms)
			ResolveRequiredComponents (3ms)
	FinalizeReload (485ms)
		ReleaseScriptCaches (0ms)
		RebuildScriptCaches (0ms)
		SetupLoadedEditorAssemblies (338ms)
			LogAssemblyErrors (0ms)
			InitializePlatformSupportModulesInManaged (52ms)
			SetLoadedEditorAssemblies (4ms)
			RefreshPlugins (0ms)
			BeforeProcessingInitializeOnLoad (52ms)
			ProcessInitializeOnLoadAttributes (182ms)
			ProcessInitializeOnLoadMethodAttributes (33ms)
			AfterProcessingInitializeOnLoad (15ms)
			EditorAssembliesLoaded (0ms)
		ExecutionOrderSort2 (0ms)
		AwakeInstancesAfterBackupRestoration (7ms)
Launched and connected shader compiler UnityShaderCompiler.exe after 0.04 seconds
Refreshing native plugins compatible for Editor in 0.97 ms, found 0 plugins.
Preloading 0 native plugins for Editor in 0.00 ms.
Unloading 1359 Unused Serialized files (Serialized files now loaded: 0)
Unloading 21 unused Assets / (50.5 KB). Loaded Objects now: 1837.
Memory consumption went from 86.7 MB to 86.6 MB.
Total: 2.431500 ms (FindLiveObjects: 0.133100 ms CreateObjectMapping: 0.069400 ms MarkObjects: 2.147000 ms  DeleteObjects: 0.080700 ms)

AssetImportParameters requested are different than current active one (requested -> active):
  custom:video-encoder-webm-vp8: eb34c28f22e8b96e1ab97ce403110664 -> 
  custom:video-decoder-webm-vp8: 9c59270c3fd7afecdb556c50c9e8de78 -> 
  custom:scripting/monoscript/fileName/PlaceObject3TagData.cs: ef3ba931ec8f86155ccc1ea357a12849 -> f9f4c21afee754fd9402923fb71032f1
  custom:audio-decoder-ogg-vorbis: bf7c407c2cedff20999df2af8eb42d56 -> 
  custom:SearchIndexIgnoredProperties: e643bd26f0fe6173181afceb89e7c659 -> 
  custom:scripting/monoscript/fileName/TagData.cs: 7f7606a71d378ec6f9372aae0de85db6 -> 4594e126f364d82c81dac49e63738436
  custom:container-demuxer-ogg: 62fdf1f143b41e24485cea50d1cbac27 -> 
  custom:scripting/monoscript/fileName/RemoveObjectTagData.cs: b2e7979a24d142c85182605fee4ea53b -> c619ff36ac95f1a51731d05673cfe95a
  custom:AudioImporter_EditorPlatform: d09bf68614088b80899f8185d706f6e7 -> 
  custom:scripting/monoscript/fileName/FrameLabelTagData.cs: 97352dee6be5d7ce1ecad1561f2bd9fa -> f153e1a3ae757fd7b2939bbd663100ee
  custom:CustomObjectIndexerAttribute: 43b350a4d6e6d1791af0b5038c4bea17 -> 
  custom:scripting/monoscript/fileName/ShowFrameTagData.cs: dab67557edf404b82f38cdbb672e8db2 -> 6546f792457f9a82d6bcafe534090a86
  custom:scripting/monoscript/fileName/DefineSpriteTagData.cs: 5e937f6723030c5c9f8a21e1e4e9cdd4 -> 850f4ee37dfd2abcc0b35ff05565a082
  custom:scripting/monoscript/fileName/PlaceObject2TagData.cs: 51b7838ab2fba44eb39aff4259e68dca -> 159bb12f83d8fc83450db63a0292570e
  custom:container-demuxer-webm: 4f35f7cbe854078d1ac9338744f61a02 -> 
  custom:scripting/monoscript/fileName/PlaceObjectTagData.cs: 4ebe58630681fcae10837405d4576a78 -> 4ac8c4eaf8383e2dec166dfcf824b19c
  custom:scripting/monoscript/fileName/DefineShapeTagData.cs: 38fba02cdee20b2b33671df35829e3f7 -> b50692ea10ce966caa872148fb226f65
  custom:video-decoder-ogg-theora: a1e56fd34408186e4bbccfd4996cb3dc -> 
  custom:scripting/monoscript/fileName/RemoveObject2TagData.cs: a78501ecd9f59552478bd814d5b87b20 -> e9642124ae21c683b62c1cfb7fc974b7
  custom:audio-encoder-webm-vorbis: bf7c407c2cedff20999df2af8eb42d56 -> 
  custom:scripting/monoscript/fileName/DefineBitsTagData.cs: 6122e843b39713472fe57c3f77ba5848 -> 105760be8207d6f790410c1f97b2fb25
  custom:scripting/monoscript/fileName/UnknownTagData.cs: 2dd86caf1575c014ac6132964f101e6e -> 2865f293cd9ea422ffdd786401c78f33
  custom:framework-win-MediaFoundation: 216162199b28c13a410421893ffa2e32 -> 
  custom:container-muxer-webm: aa71ff27fc2769a1b78a27578f13a17b -> 
========================================================================
Received Import Request.
  Time since last request: 40980.035529 seconds.
  path: Assets/SwfParser/Editor/SwfProcessor.cs
  artifactKey: Guid(49b45003cb0b0374db16341e66e28934) Importer(815301076,1909f56bfc062723c751e8b465ee728b)
Start importing Assets/SwfParser/Editor/SwfProcessor.cs using Guid(49b45003cb0b0374db16341e66e28934) Importer(815301076,1909f56bfc062723c751e8b465ee728b)  -> (artifact id: 'e3968fb708a3913e062791c357ebab89') in 0.002960 seconds
Number of updated asset objects reloaded before import = 0
Number of asset objects unloaded after import = 0
========================================================================
Received Import Request.
  Time since last request: 0.000015 seconds.
  path: Assets/SwfParser/Editor/SwfImagesExporter.cs
  artifactKey: Guid(906a6edaf71a08840932563964f70b0c) Importer(815301076,1909f56bfc062723c751e8b465ee728b)
Start importing Assets/SwfParser/Editor/SwfImagesExporter.cs using Guid(906a6edaf71a08840932563964f70b0c) Importer(815301076,1909f56bfc062723c751e8b465ee728b)  -> (artifact id: 'a54d5c7d963f915a797fb71ffeb81265') in 0.000597 seconds
Number of updated asset objects reloaded before import = 0
Number of asset objects unloaded after import = 0
========================================================================
Received Import Request.
  Time since last request: 0.000112 seconds.
  path: Assets/SwfParser/Editor/EditorTest.cs
  artifactKey: Guid(65858ef51057f2047b3ee8ffd84c56e2) Importer(815301076,1909f56bfc062723c751e8b465ee728b)
Start importing Assets/SwfParser/Editor/EditorTest.cs using Guid(65858ef51057f2047b3ee8ffd84c56e2) Importer(815301076,1909f56bfc062723c751e8b465ee728b)  -> (artifact id: 'df422f98f6a52a7cb0e24d670ed1dc0d') in 0.000443 seconds
Number of updated asset objects reloaded before import = 0
Number of asset objects unloaded after import = 0
========================================================================
Received Import Request.
  Time since last request: 0.000103 seconds.
  path: Assets/SwfParser/Editor/SwfContextMenu.cs
  artifactKey: Guid(44134e4360b23134a8b5bd9b9a5e1143) Importer(815301076,1909f56bfc062723c751e8b465ee728b)
Start importing Assets/SwfParser/Editor/SwfContextMenu.cs using Guid(44134e4360b23134a8b5bd9b9a5e1143) Importer(815301076,1909f56bfc062723c751e8b465ee728b)  -> (artifact id: '9c3bce33d93252bfb8d241453f13928c') in 0.000465 seconds
Number of updated asset objects reloaded before import = 0
Number of asset objects unloaded after import = 0
========================================================================
Received Import Request.
  Time since last request: 0.000143 seconds.
  path: Assets/SwfParser/Editor/SwfXmlExporter.cs
  artifactKey: Guid(043b982c96096564e8a2b9441f1dadc9) Importer(815301076,1909f56bfc062723c751e8b465ee728b)
Start importing Assets/SwfParser/Editor/SwfXmlExporter.cs using Guid(043b982c96096564e8a2b9441f1dadc9) Importer(815301076,1909f56bfc062723c751e8b465ee728b)  -> (artifact id: 'f1785cac9909b8f2574ad67d0d62a912') in 0.000436 seconds
Number of updated asset objects reloaded before import = 0
Number of asset objects unloaded after import = 0
========================================================================
Received Import Request.
  Time since last request: 0.000104 seconds.
  path: Assets/SwfParser/Editor/SwfDataExporter.cs
  artifactKey: Guid(b458785c8d373024d8dcf1b5787fc758) Importer(815301076,1909f56bfc062723c751e8b465ee728b)
Start importing Assets/SwfParser/Editor/SwfDataExporter.cs using Guid(b458785c8d373024d8dcf1b5787fc758) Importer(815301076,1909f56bfc062723c751e8b465ee728b)  -> (artifact id: '508be26bd6b3dd530c04d8d428d47ed3') in 0.000429 seconds
Number of updated asset objects reloaded before import = 0
Number of asset objects unloaded after import = 0
========================================================================
Received Import Request.
  Time since last request: 0.000147 seconds.
  path: Assets/SwfParser/Editor/SwfParseConfig.cs
  artifactKey: Guid(2a12326828cf41279180610b19753f2d) Importer(815301076,1909f56bfc062723c751e8b465ee728b)
Start importing Assets/SwfParser/Editor/SwfParseConfig.cs using Guid(2a12326828cf41279180610b19753f2d) Importer(815301076,1909f56bfc062723c751e8b465ee728b)  -> (artifact id: '204ed4393448371c18adfacd1e5095b1') in 0.000398 seconds
Number of updated asset objects reloaded before import = 0
Number of asset objects unloaded after import = 0
========================================================================
Received Prepare
Begin MonoManager ReloadAssembly
- Loaded All Assemblies, in  0.532 seconds
Refreshing native plugins compatible for Editor in 0.98 ms, found 0 plugins.
Native extension for WindowsStandalone target not found
Native extension for iOS target not found
Native extension for Android target not found
Native extension for WebGL target not found
Mono: successfully reloaded assembly
- Finished resetting the current domain, in  0.593 seconds
Domain Reload Profiling: 1120ms
	BeginReloadAssembly (294ms)
		ExecutionOrderSort (0ms)
		DisableScriptedObjects (6ms)
		BackupInstance (0ms)
		ReleaseScriptingObjects (0ms)
		CreateAndSetChildDomain (24ms)
	RebuildCommonClasses (34ms)
	RebuildNativeTypeToScriptingClass (12ms)
	initialDomainReloadingComplete (35ms)
	LoadAllAssembliesAndSetupDomain (151ms)
		LoadAssemblies (226ms)
		RebuildTransferFunctionScriptingTraits (0ms)
		AnalyzeDomain (17ms)
			TypeCache.Refresh (6ms)
				TypeCache.ScanAssembly (1ms)
			ScanForSourceGeneratedMonoScriptInfo (7ms)
			ResolveRequiredComponents (3ms)
	FinalizeReload (594ms)
		ReleaseScriptCaches (0ms)
		RebuildScriptCaches (0ms)
		SetupLoadedEditorAssemblies (291ms)
			LogAssemblyErrors (0ms)
			InitializePlatformSupportModulesInManaged (50ms)
			SetLoadedEditorAssemblies (3ms)
			RefreshPlugins (0ms)
			BeforeProcessingInitializeOnLoad (50ms)
			ProcessInitializeOnLoadAttributes (147ms)
			ProcessInitializeOnLoadMethodAttributes (26ms)
			AfterProcessingInitializeOnLoad (15ms)
			EditorAssembliesLoaded (0ms)
		ExecutionOrderSort2 (0ms)
		AwakeInstancesAfterBackupRestoration (7ms)
Refreshing native plugins compatible for Editor in 0.93 ms, found 0 plugins.
Preloading 0 native plugins for Editor in 0.00 ms.
Unloading 1352 Unused Serialized files (Serialized files now loaded: 0)
Unloading 12 unused Assets / (24.9 KB). Loaded Objects now: 1840.
Memory consumption went from 87.2 MB to 87.2 MB.
Total: 2.258600 ms (FindLiveObjects: 0.143400 ms CreateObjectMapping: 0.053000 ms MarkObjects: 2.032400 ms  DeleteObjects: 0.028900 ms)

Prepare: number of updated asset objects reloaded= 0
AssetImportParameters requested are different than current active one (requested -> active):
  custom:video-encoder-webm-vp8: eb34c28f22e8b96e1ab97ce403110664 -> 
  custom:video-decoder-webm-vp8: 9c59270c3fd7afecdb556c50c9e8de78 -> 
  custom:scripting/monoscript/fileName/PlaceObject3TagData.cs: 01a6558d74840ce91295a61e1e71b890 -> ef3ba931ec8f86155ccc1ea357a12849
  custom:audio-decoder-ogg-vorbis: bf7c407c2cedff20999df2af8eb42d56 -> 
  custom:SearchIndexIgnoredProperties: e643bd26f0fe6173181afceb89e7c659 -> 
  custom:scripting/monoscript/fileName/TagData.cs: 1503e18accf5886b13fdb828f6550b4d -> 7f7606a71d378ec6f9372aae0de85db6
  custom:container-demuxer-ogg: 62fdf1f143b41e24485cea50d1cbac27 -> 
  custom:scripting/monoscript/fileName/RemoveObjectTagData.cs: bb5e954a66f7f8d62c1776db208ea472 -> b2e7979a24d142c85182605fee4ea53b
  custom:AudioImporter_EditorPlatform: d09bf68614088b80899f8185d706f6e7 -> 
  custom:scripting/monoscript/fileName/FrameLabelTagData.cs: 8b68981a16ccb3e689c98a70dbf8ee4b -> 97352dee6be5d7ce1ecad1561f2bd9fa
  custom:CustomObjectIndexerAttribute: 43b350a4d6e6d1791af0b5038c4bea17 -> 
  custom:scripting/monoscript/fileName/ShowFrameTagData.cs: 2f84627627380f0a560eae3b56ef7616 -> dab67557edf404b82f38cdbb672e8db2
  custom:scripting/monoscript/fileName/DefineSpriteTagData.cs: 3875487d2a12ee60eeec4f407d547afc -> 5e937f6723030c5c9f8a21e1e4e9cdd4
  custom:scripting/monoscript/fileName/PlaceObject2TagData.cs: 509a5a81d5c27f5933a4a002ba4f07b8 -> 51b7838ab2fba44eb39aff4259e68dca
  custom:container-demuxer-webm: 4f35f7cbe854078d1ac9338744f61a02 -> 
  custom:scripting/monoscript/fileName/PlaceObjectTagData.cs: 74093830ab75727d047d2a869758c318 -> 4ebe58630681fcae10837405d4576a78
  custom:scripting/monoscript/fileName/DefineShapeTagData.cs: e51bb0494eaa2d073a457e8b19fd9867 -> 38fba02cdee20b2b33671df35829e3f7
  custom:video-decoder-ogg-theora: a1e56fd34408186e4bbccfd4996cb3dc -> 
  custom:scripting/monoscript/fileName/RemoveObject2TagData.cs: bf502e78444470cfaca4b2910b5d9887 -> a78501ecd9f59552478bd814d5b87b20
  custom:audio-encoder-webm-vorbis: bf7c407c2cedff20999df2af8eb42d56 -> 
  custom:scripting/monoscript/fileName/DefineBitsTagData.cs: e802b78e789bae474a939f5d9beda9a8 -> 6122e843b39713472fe57c3f77ba5848
  custom:scripting/monoscript/fileName/UnknownTagData.cs: f052e5bda6059d0531ea960b61e7d2e5 -> 2dd86caf1575c014ac6132964f101e6e
  custom:framework-win-MediaFoundation: 216162199b28c13a410421893ffa2e32 -> 
  custom:container-muxer-webm: aa71ff27fc2769a1b78a27578f13a17b -> 
========================================================================
Received Import Request.
  Time since last request: 133.046295 seconds.
  path: Assets/SwfParser/Runtime/Swf/Datas
  artifactKey: Guid(58aade4925234233adb6ab7f1ad815e3) Importer(815301076,1909f56bfc062723c751e8b465ee728b)
Start importing Assets/SwfParser/Runtime/Swf/Datas using Guid(58aade4925234233adb6ab7f1ad815e3) Importer(815301076,1909f56bfc062723c751e8b465ee728b)  -> (artifact id: '924f9ccb0208b762254be2ad22e5b661') in 0.001770 seconds
Number of updated asset objects reloaded before import = 0
Number of asset objects unloaded after import = 0
========================================================================
Received Import Request.
  Time since last request: 339.025358 seconds.
  path: Assets/SwfParser/Runtime
  artifactKey: Guid(3d17f60c87a54088b77e617a76fbd965) Importer(815301076,1909f56bfc062723c751e8b465ee728b)
Start importing Assets/SwfParser/Runtime using Guid(3d17f60c87a54088b77e617a76fbd965) Importer(815301076,1909f56bfc062723c751e8b465ee728b)  -> (artifact id: '72e950e9edcee7e18a5a41bc703ba163') in 0.000615 seconds
Number of updated asset objects reloaded before import = 0
Number of asset objects unloaded after import = 0
========================================================================
Received Import Request.
  Time since last request: 7.215165 seconds.
  path: Assets/SwfParser/SwfByteArray.cs
  artifactKey: Guid(ed85f728349647b46882438ba1ba2a0a) Importer(815301076,1909f56bfc062723c751e8b465ee728b)
Start importing Assets/SwfParser/SwfByteArray.cs using Guid(ed85f728349647b46882438ba1ba2a0a) Importer(815301076,1909f56bfc062723c751e8b465ee728b)  -> (artifact id: '7e05aa8a27a9f2044d350a83f0ef3b76') in 0.000583 seconds
Number of updated asset objects reloaded before import = 0
Number of asset objects unloaded after import = 0
========================================================================
Received Import Request.
  Time since last request: 0.574356 seconds.
  path: Assets/SwfParser/SwfReader.cs
  artifactKey: Guid(29fefb3e08a7aec4ca038a7c4dec4af5) Importer(815301076,1909f56bfc062723c751e8b465ee728b)
Start importing Assets/SwfParser/SwfReader.cs using Guid(29fefb3e08a7aec4ca038a7c4dec4af5) Importer(815301076,1909f56bfc062723c751e8b465ee728b)  -> (artifact id: '5bd73b8566976203ce902c51aa9ecf9c') in 0.000848 seconds
Number of updated asset objects reloaded before import = 0
Number of asset objects unloaded after import = 0
========================================================================
Received Import Request.
  Time since last request: 0.762015 seconds.
  path: Assets/SwfParser/TagFactory.cs
  artifactKey: Guid(de3fc593a979e48499213f59bed052fd) Importer(815301076,1909f56bfc062723c751e8b465ee728b)
Start importing Assets/SwfParser/TagFactory.cs using Guid(de3fc593a979e48499213f59bed052fd) Importer(815301076,1909f56bfc062723c751e8b465ee728b)  -> (artifact id: '6155ee5e46fb5d0cfede9abc97e4a45d') in 0.000823 seconds
Number of updated asset objects reloaded before import = 0
Number of asset objects unloaded after import = 0
========================================================================
Received Prepare
Begin MonoManager ReloadAssembly
- Loaded All Assemblies, in  0.481 seconds
Refreshing native plugins compatible for Editor in 1.01 ms, found 0 plugins.
Native extension for WindowsStandalone target not found
Native extension for iOS target not found
Native extension for Android target not found
Native extension for WebGL target not found
Mono: successfully reloaded assembly
- Finished resetting the current domain, in  0.598 seconds
Domain Reload Profiling: 1074ms
	BeginReloadAssembly (252ms)
		ExecutionOrderSort (0ms)
		DisableScriptedObjects (7ms)
		BackupInstance (0ms)
		ReleaseScriptingObjects (0ms)
		CreateAndSetChildDomain (21ms)
	RebuildCommonClasses (34ms)
	RebuildNativeTypeToScriptingClass (12ms)
	initialDomainReloadingComplete (33ms)
	LoadAllAssembliesAndSetupDomain (144ms)
		LoadAssemblies (216ms)
		RebuildTransferFunctionScriptingTraits (0ms)
		AnalyzeDomain (16ms)
			TypeCache.Refresh (6ms)
				TypeCache.ScanAssembly (1ms)
			ScanForSourceGeneratedMonoScriptInfo (7ms)
			ResolveRequiredComponents (3ms)
	FinalizeReload (599ms)
		ReleaseScriptCaches (0ms)
		RebuildScriptCaches (0ms)
		SetupLoadedEditorAssemblies (304ms)
			LogAssemblyErrors (0ms)
			InitializePlatformSupportModulesInManaged (51ms)
			SetLoadedEditorAssemblies (3ms)
			RefreshPlugins (0ms)
			BeforeProcessingInitializeOnLoad (53ms)
			ProcessInitializeOnLoadAttributes (155ms)
			ProcessInitializeOnLoadMethodAttributes (26ms)
			AfterProcessingInitializeOnLoad (15ms)
			EditorAssembliesLoaded (0ms)
		ExecutionOrderSort2 (0ms)
		AwakeInstancesAfterBackupRestoration (7ms)
Refreshing native plugins compatible for Editor in 1.04 ms, found 0 plugins.
Preloading 0 native plugins for Editor in 0.00 ms.
Unloading 1352 Unused Serialized files (Serialized files now loaded: 0)
Unloading 12 unused Assets / (24.8 KB). Loaded Objects now: 1843.
Memory consumption went from 89.1 MB to 89.1 MB.
Total: 3.138800 ms (FindLiveObjects: 0.130900 ms CreateObjectMapping: 0.066800 ms MarkObjects: 2.906200 ms  DeleteObjects: 0.033700 ms)

Prepare: number of updated asset objects reloaded= 0
AssetImportParameters requested are different than current active one (requested -> active):
  custom:video-encoder-webm-vp8: eb34c28f22e8b96e1ab97ce403110664 -> 
  custom:video-decoder-webm-vp8: 9c59270c3fd7afecdb556c50c9e8de78 -> 
  custom:scripting/monoscript/fileName/PlaceObject3TagData.cs: 01a6558d74840ce91295a61e1e71b890 -> ef3ba931ec8f86155ccc1ea357a12849
  custom:audio-decoder-ogg-vorbis: bf7c407c2cedff20999df2af8eb42d56 -> 
  custom:SearchIndexIgnoredProperties: e643bd26f0fe6173181afceb89e7c659 -> 
  custom:scripting/monoscript/fileName/TagData.cs: 1503e18accf5886b13fdb828f6550b4d -> 7f7606a71d378ec6f9372aae0de85db6
  custom:container-demuxer-ogg: 62fdf1f143b41e24485cea50d1cbac27 -> 
  custom:scripting/monoscript/fileName/RemoveObjectTagData.cs: bb5e954a66f7f8d62c1776db208ea472 -> b2e7979a24d142c85182605fee4ea53b
  custom:AudioImporter_EditorPlatform: d09bf68614088b80899f8185d706f6e7 -> 
  custom:scripting/monoscript/fileName/FrameLabelTagData.cs: 8b68981a16ccb3e689c98a70dbf8ee4b -> 97352dee6be5d7ce1ecad1561f2bd9fa
  custom:CustomObjectIndexerAttribute: 43b350a4d6e6d1791af0b5038c4bea17 -> 
  custom:scripting/monoscript/fileName/ShowFrameTagData.cs: 2f84627627380f0a560eae3b56ef7616 -> dab67557edf404b82f38cdbb672e8db2
  custom:scripting/monoscript/fileName/DefineSpriteTagData.cs: 3875487d2a12ee60eeec4f407d547afc -> 5e937f6723030c5c9f8a21e1e4e9cdd4
  custom:scripting/monoscript/fileName/PlaceObject2TagData.cs: 509a5a81d5c27f5933a4a002ba4f07b8 -> 51b7838ab2fba44eb39aff4259e68dca
  custom:container-demuxer-webm: 4f35f7cbe854078d1ac9338744f61a02 -> 
  custom:scripting/monoscript/fileName/PlaceObjectTagData.cs: 74093830ab75727d047d2a869758c318 -> 4ebe58630681fcae10837405d4576a78
  custom:scripting/monoscript/fileName/DefineShapeTagData.cs: e51bb0494eaa2d073a457e8b19fd9867 -> 38fba02cdee20b2b33671df35829e3f7
  custom:video-decoder-ogg-theora: a1e56fd34408186e4bbccfd4996cb3dc -> 
  custom:scripting/monoscript/fileName/RemoveObject2TagData.cs: bf502e78444470cfaca4b2910b5d9887 -> a78501ecd9f59552478bd814d5b87b20
  custom:audio-encoder-webm-vorbis: bf7c407c2cedff20999df2af8eb42d56 -> 
  custom:scripting/monoscript/fileName/DefineBitsTagData.cs: e802b78e789bae474a939f5d9beda9a8 -> 6122e843b39713472fe57c3f77ba5848
  custom:scripting/monoscript/fileName/UnknownTagData.cs: f052e5bda6059d0531ea960b61e7d2e5 -> 2dd86caf1575c014ac6132964f101e6e
  custom:framework-win-MediaFoundation: 216162199b28c13a410421893ffa2e32 -> 
  custom:container-muxer-webm: aa71ff27fc2769a1b78a27578f13a17b -> 
========================================================================
Received Import Request.
  Time since last request: 23.578420 seconds.
  path: Assets/SwfParser/Runtime/SwfReader.cs
  artifactKey: Guid(29fefb3e08a7aec4ca038a7c4dec4af5) Importer(815301076,1909f56bfc062723c751e8b465ee728b)
Start importing Assets/SwfParser/Runtime/SwfReader.cs using Guid(29fefb3e08a7aec4ca038a7c4dec4af5) Importer(815301076,1909f56bfc062723c751e8b465ee728b)  -> (artifact id: '7076875eaca845ff73a0d1d59da2606f') in 0.001879 seconds
Number of updated asset objects reloaded before import = 0
Number of asset objects unloaded after import = 0
========================================================================
Received Import Request.
  Time since last request: 39.240589 seconds.
  path: Assets/SwfParser/Runtime/SwfByteArray.cs
  artifactKey: Guid(ed85f728349647b46882438ba1ba2a0a) Importer(815301076,1909f56bfc062723c751e8b465ee728b)
Start importing Assets/SwfParser/Runtime/SwfByteArray.cs using Guid(ed85f728349647b46882438ba1ba2a0a) Importer(815301076,1909f56bfc062723c751e8b465ee728b)  -> (artifact id: 'ca161e006ef3cd4482e6a9488dbaf513') in 0.000525 seconds
Number of updated asset objects reloaded before import = 0
Number of asset objects unloaded after import = 0
========================================================================
Received Prepare
Begin MonoManager ReloadAssembly
- Loaded All Assemblies, in  0.490 seconds
Refreshing native plugins compatible for Editor in 0.93 ms, found 0 plugins.
Native extension for WindowsStandalone target not found
Native extension for iOS target not found
Native extension for Android target not found
Native extension for WebGL target not found
Mono: successfully reloaded assembly
- Finished resetting the current domain, in  0.588 seconds
Domain Reload Profiling: 1072ms
	BeginReloadAssembly (259ms)
		ExecutionOrderSort (0ms)
		DisableScriptedObjects (6ms)
		BackupInstance (0ms)
		ReleaseScriptingObjects (0ms)
		CreateAndSetChildDomain (21ms)
	RebuildCommonClasses (33ms)
	RebuildNativeTypeToScriptingClass (12ms)
	initialDomainReloadingComplete (34ms)
	LoadAllAssembliesAndSetupDomain (146ms)
		LoadAssemblies (219ms)
		RebuildTransferFunctionScriptingTraits (0ms)
		AnalyzeDomain (17ms)
			TypeCache.Refresh (7ms)
				TypeCache.ScanAssembly (1ms)
			ScanForSourceGeneratedMonoScriptInfo (7ms)
			ResolveRequiredComponents (2ms)
	FinalizeReload (588ms)
		ReleaseScriptCaches (0ms)
		RebuildScriptCaches (0ms)
		SetupLoadedEditorAssemblies (290ms)
			LogAssemblyErrors (0ms)
			InitializePlatformSupportModulesInManaged (50ms)
			SetLoadedEditorAssemblies (2ms)
			RefreshPlugins (0ms)
			BeforeProcessingInitializeOnLoad (50ms)
			ProcessInitializeOnLoadAttributes (147ms)
			ProcessInitializeOnLoadMethodAttributes (25ms)
			AfterProcessingInitializeOnLoad (15ms)
			EditorAssembliesLoaded (0ms)
		ExecutionOrderSort2 (0ms)
		AwakeInstancesAfterBackupRestoration (9ms)
Refreshing native plugins compatible for Editor in 0.94 ms, found 0 plugins.
Preloading 0 native plugins for Editor in 0.00 ms.
Unloading 1352 Unused Serialized files (Serialized files now loaded: 0)
Unloading 12 unused Assets / (24.9 KB). Loaded Objects now: 1846.
Memory consumption went from 91.2 MB to 91.2 MB.
Total: 2.383100 ms (FindLiveObjects: 0.126000 ms CreateObjectMapping: 0.050200 ms MarkObjects: 2.177900 ms  DeleteObjects: 0.028100 ms)

Prepare: number of updated asset objects reloaded= 0
AssetImportParameters requested are different than current active one (requested -> active):
  custom:video-encoder-webm-vp8: eb34c28f22e8b96e1ab97ce403110664 -> 
  custom:video-decoder-webm-vp8: 9c59270c3fd7afecdb556c50c9e8de78 -> 
  custom:scripting/monoscript/fileName/PlaceObject3TagData.cs: 01a6558d74840ce91295a61e1e71b890 -> ef3ba931ec8f86155ccc1ea357a12849
  custom:audio-decoder-ogg-vorbis: bf7c407c2cedff20999df2af8eb42d56 -> 
  custom:SearchIndexIgnoredProperties: e643bd26f0fe6173181afceb89e7c659 -> 
  custom:scripting/monoscript/fileName/TagData.cs: 1503e18accf5886b13fdb828f6550b4d -> 7f7606a71d378ec6f9372aae0de85db6
  custom:container-demuxer-ogg: 62fdf1f143b41e24485cea50d1cbac27 -> 
  custom:scripting/monoscript/fileName/RemoveObjectTagData.cs: bb5e954a66f7f8d62c1776db208ea472 -> b2e7979a24d142c85182605fee4ea53b
  custom:AudioImporter_EditorPlatform: d09bf68614088b80899f8185d706f6e7 -> 
  custom:scripting/monoscript/fileName/FrameLabelTagData.cs: 8b68981a16ccb3e689c98a70dbf8ee4b -> 97352dee6be5d7ce1ecad1561f2bd9fa
  custom:CustomObjectIndexerAttribute: 43b350a4d6e6d1791af0b5038c4bea17 -> 
  custom:scripting/monoscript/fileName/ShowFrameTagData.cs: 2f84627627380f0a560eae3b56ef7616 -> dab67557edf404b82f38cdbb672e8db2
  custom:scripting/monoscript/fileName/DefineSpriteTagData.cs: 3875487d2a12ee60eeec4f407d547afc -> 5e937f6723030c5c9f8a21e1e4e9cdd4
  custom:scripting/monoscript/fileName/PlaceObject2TagData.cs: 509a5a81d5c27f5933a4a002ba4f07b8 -> 51b7838ab2fba44eb39aff4259e68dca
  custom:container-demuxer-webm: 4f35f7cbe854078d1ac9338744f61a02 -> 
  custom:scripting/monoscript/fileName/PlaceObjectTagData.cs: 74093830ab75727d047d2a869758c318 -> 4ebe58630681fcae10837405d4576a78
  custom:scripting/monoscript/fileName/DefineShapeTagData.cs: e51bb0494eaa2d073a457e8b19fd9867 -> 38fba02cdee20b2b33671df35829e3f7
  custom:video-decoder-ogg-theora: a1e56fd34408186e4bbccfd4996cb3dc -> 
  custom:scripting/monoscript/fileName/RemoveObject2TagData.cs: bf502e78444470cfaca4b2910b5d9887 -> a78501ecd9f59552478bd814d5b87b20
  custom:audio-encoder-webm-vorbis: bf7c407c2cedff20999df2af8eb42d56 -> 
  custom:scripting/monoscript/fileName/DefineBitsTagData.cs: e802b78e789bae474a939f5d9beda9a8 -> 6122e843b39713472fe57c3f77ba5848
  custom:scripting/monoscript/fileName/UnknownTagData.cs: f052e5bda6059d0531ea960b61e7d2e5 -> 2dd86caf1575c014ac6132964f101e6e
  custom:framework-win-MediaFoundation: 216162199b28c13a410421893ffa2e32 -> 
  custom:container-muxer-webm: aa71ff27fc2769a1b78a27578f13a17b -> 
========================================================================
Received Import Request.
  Time since last request: 10.515388 seconds.
  path: Assets/SwfParser/Runtime/TagFactory.cs
  artifactKey: Guid(de3fc593a979e48499213f59bed052fd) Importer(815301076,1909f56bfc062723c751e8b465ee728b)
Start importing Assets/SwfParser/Runtime/TagFactory.cs using Guid(de3fc593a979e48499213f59bed052fd) Importer(815301076,1909f56bfc062723c751e8b465ee728b)  -> (artifact id: 'c5b4467773ffa3400055ee7dec316c54') in 0.001695 seconds
Number of updated asset objects reloaded before import = 0
Number of asset objects unloaded after import = 0
========================================================================
Received Prepare
Begin MonoManager ReloadAssembly
- Loaded All Assemblies, in  0.504 seconds
Refreshing native plugins compatible for Editor in 0.98 ms, found 0 plugins.
Native extension for WindowsStandalone target not found
Native extension for iOS target not found
Native extension for Android target not found
Native extension for WebGL target not found
Mono: successfully reloaded assembly
- Finished resetting the current domain, in  0.590 seconds
Domain Reload Profiling: 1089ms
	BeginReloadAssembly (266ms)
		ExecutionOrderSort (0ms)
		DisableScriptedObjects (8ms)
		BackupInstance (0ms)
		ReleaseScriptingObjects (0ms)
		CreateAndSetChildDomain (21ms)
	RebuildCommonClasses (34ms)
	RebuildNativeTypeToScriptingClass (12ms)
	initialDomainReloadingComplete (34ms)
	LoadAllAssembliesAndSetupDomain (152ms)
		LoadAssemblies (227ms)
		RebuildTransferFunctionScriptingTraits (0ms)
		AnalyzeDomain (16ms)
			TypeCache.Refresh (6ms)
				TypeCache.ScanAssembly (1ms)
			ScanForSourceGeneratedMonoScriptInfo (7ms)
			ResolveRequiredComponents (2ms)
	FinalizeReload (591ms)
		ReleaseScriptCaches (0ms)
		RebuildScriptCaches (0ms)
		SetupLoadedEditorAssemblies (300ms)
			LogAssemblyErrors (0ms)
			InitializePlatformSupportModulesInManaged (51ms)
			SetLoadedEditorAssemblies (4ms)
			RefreshPlugins (0ms)
			BeforeProcessingInitializeOnLoad (51ms)
			ProcessInitializeOnLoadAttributes (153ms)
			ProcessInitializeOnLoadMethodAttributes (26ms)
			AfterProcessingInitializeOnLoad (15ms)
			EditorAssembliesLoaded (0ms)
		ExecutionOrderSort2 (0ms)
		AwakeInstancesAfterBackupRestoration (8ms)
Refreshing native plugins compatible for Editor in 0.95 ms, found 0 plugins.
Preloading 0 native plugins for Editor in 0.00 ms.
Unloading 1352 Unused Serialized files (Serialized files now loaded: 0)
Unloading 12 unused Assets / (25.0 KB). Loaded Objects now: 1849.
Memory consumption went from 93.1 MB to 93.1 MB.
Total: 2.434700 ms (FindLiveObjects: 0.128400 ms CreateObjectMapping: 0.048900 ms MarkObjects: 2.228600 ms  DeleteObjects: 0.027900 ms)

Prepare: number of updated asset objects reloaded= 0
AssetImportParameters requested are different than current active one (requested -> active):
  custom:video-encoder-webm-vp8: eb34c28f22e8b96e1ab97ce403110664 -> 
  custom:video-decoder-webm-vp8: 9c59270c3fd7afecdb556c50c9e8de78 -> 
  custom:scripting/monoscript/fileName/PlaceObject3TagData.cs: 01a6558d74840ce91295a61e1e71b890 -> ef3ba931ec8f86155ccc1ea357a12849
  custom:audio-decoder-ogg-vorbis: bf7c407c2cedff20999df2af8eb42d56 -> 
  custom:SearchIndexIgnoredProperties: e643bd26f0fe6173181afceb89e7c659 -> 
  custom:scripting/monoscript/fileName/TagData.cs: 1503e18accf5886b13fdb828f6550b4d -> 7f7606a71d378ec6f9372aae0de85db6
  custom:container-demuxer-ogg: 62fdf1f143b41e24485cea50d1cbac27 -> 
  custom:scripting/monoscript/fileName/RemoveObjectTagData.cs: bb5e954a66f7f8d62c1776db208ea472 -> b2e7979a24d142c85182605fee4ea53b
  custom:AudioImporter_EditorPlatform: d09bf68614088b80899f8185d706f6e7 -> 
  custom:scripting/monoscript/fileName/FrameLabelTagData.cs: 8b68981a16ccb3e689c98a70dbf8ee4b -> 97352dee6be5d7ce1ecad1561f2bd9fa
  custom:CustomObjectIndexerAttribute: 43b350a4d6e6d1791af0b5038c4bea17 -> 
  custom:scripting/monoscript/fileName/ShowFrameTagData.cs: 2f84627627380f0a560eae3b56ef7616 -> dab67557edf404b82f38cdbb672e8db2
  custom:scripting/monoscript/fileName/DefineSpriteTagData.cs: 3875487d2a12ee60eeec4f407d547afc -> 5e937f6723030c5c9f8a21e1e4e9cdd4
  custom:scripting/monoscript/fileName/PlaceObject2TagData.cs: 509a5a81d5c27f5933a4a002ba4f07b8 -> 51b7838ab2fba44eb39aff4259e68dca
  custom:container-demuxer-webm: 4f35f7cbe854078d1ac9338744f61a02 -> 
  custom:scripting/monoscript/fileName/PlaceObjectTagData.cs: 74093830ab75727d047d2a869758c318 -> 4ebe58630681fcae10837405d4576a78
  custom:scripting/monoscript/fileName/DefineShapeTagData.cs: e51bb0494eaa2d073a457e8b19fd9867 -> 38fba02cdee20b2b33671df35829e3f7
  custom:video-decoder-ogg-theora: a1e56fd34408186e4bbccfd4996cb3dc -> 
  custom:scripting/monoscript/fileName/RemoveObject2TagData.cs: bf502e78444470cfaca4b2910b5d9887 -> a78501ecd9f59552478bd814d5b87b20
  custom:audio-encoder-webm-vorbis: bf7c407c2cedff20999df2af8eb42d56 -> 
  custom:scripting/monoscript/fileName/DefineBitsTagData.cs: e802b78e789bae474a939f5d9beda9a8 -> 6122e843b39713472fe57c3f77ba5848
  custom:scripting/monoscript/fileName/UnknownTagData.cs: f052e5bda6059d0531ea960b61e7d2e5 -> 2dd86caf1575c014ac6132964f101e6e
  custom:framework-win-MediaFoundation: 216162199b28c13a410421893ffa2e32 -> 
  custom:container-muxer-webm: aa71ff27fc2769a1b78a27578f13a17b -> 
========================================================================
Received Prepare
Begin MonoManager ReloadAssembly
- Loaded All Assemblies, in  0.506 seconds
Refreshing native plugins compatible for Editor in 1.01 ms, found 0 plugins.
Native extension for WindowsStandalone target not found
Native extension for iOS target not found
Native extension for Android target not found
Native extension for WebGL target not found
Mono: successfully reloaded assembly
- Finished resetting the current domain, in  0.653 seconds
Domain Reload Profiling: 1154ms
	BeginReloadAssembly (262ms)
		ExecutionOrderSort (0ms)
		DisableScriptedObjects (6ms)
		BackupInstance (0ms)
		ReleaseScriptingObjects (0ms)
		CreateAndSetChildDomain (20ms)
	RebuildCommonClasses (34ms)
	RebuildNativeTypeToScriptingClass (12ms)
	initialDomainReloadingComplete (34ms)
	LoadAllAssembliesAndSetupDomain (158ms)
		LoadAssemblies (232ms)
		RebuildTransferFunctionScriptingTraits (0ms)
		AnalyzeDomain (16ms)
			TypeCache.Refresh (6ms)
				TypeCache.ScanAssembly (1ms)
			ScanForSourceGeneratedMonoScriptInfo (7ms)
			ResolveRequiredComponents (2ms)
	FinalizeReload (654ms)
		ReleaseScriptCaches (0ms)
		RebuildScriptCaches (0ms)
		SetupLoadedEditorAssemblies (343ms)
			LogAssemblyErrors (0ms)
			InitializePlatformSupportModulesInManaged (58ms)
			SetLoadedEditorAssemblies (3ms)
			RefreshPlugins (0ms)
			BeforeProcessingInitializeOnLoad (59ms)
			ProcessInitializeOnLoadAttributes (181ms)
			ProcessInitializeOnLoadMethodAttributes (28ms)
			AfterProcessingInitializeOnLoad (15ms)
			EditorAssembliesLoaded (0ms)
		ExecutionOrderSort2 (0ms)
		AwakeInstancesAfterBackupRestoration (8ms)
Refreshing native plugins compatible for Editor in 0.98 ms, found 0 plugins.
Preloading 0 native plugins for Editor in 0.00 ms.
Unloading 1352 Unused Serialized files (Serialized files now loaded: 0)
Unloading 12 unused Assets / (24.9 KB). Loaded Objects now: 1852.
Memory consumption went from 95.0 MB to 95.0 MB.
Total: 2.183900 ms (FindLiveObjects: 0.131300 ms CreateObjectMapping: 0.051600 ms MarkObjects: 1.967600 ms  DeleteObjects: 0.032300 ms)

Prepare: number of updated asset objects reloaded= 0
AssetImportParameters requested are different than current active one (requested -> active):
  custom:video-encoder-webm-vp8: eb34c28f22e8b96e1ab97ce403110664 -> 
  custom:video-decoder-webm-vp8: 9c59270c3fd7afecdb556c50c9e8de78 -> 
  custom:scripting/monoscript/fileName/PlaceObject3TagData.cs: 01a6558d74840ce91295a61e1e71b890 -> ef3ba931ec8f86155ccc1ea357a12849
  custom:audio-decoder-ogg-vorbis: bf7c407c2cedff20999df2af8eb42d56 -> 
  custom:SearchIndexIgnoredProperties: e643bd26f0fe6173181afceb89e7c659 -> 
  custom:scripting/monoscript/fileName/TagData.cs: 1503e18accf5886b13fdb828f6550b4d -> 7f7606a71d378ec6f9372aae0de85db6
  custom:container-demuxer-ogg: 62fdf1f143b41e24485cea50d1cbac27 -> 
  custom:scripting/monoscript/fileName/RemoveObjectTagData.cs: bb5e954a66f7f8d62c1776db208ea472 -> b2e7979a24d142c85182605fee4ea53b
  custom:AudioImporter_EditorPlatform: d09bf68614088b80899f8185d706f6e7 -> 
  custom:scripting/monoscript/fileName/FrameLabelTagData.cs: 8b68981a16ccb3e689c98a70dbf8ee4b -> 97352dee6be5d7ce1ecad1561f2bd9fa
  custom:CustomObjectIndexerAttribute: 43b350a4d6e6d1791af0b5038c4bea17 -> 
  custom:scripting/monoscript/fileName/ShowFrameTagData.cs: 2f84627627380f0a560eae3b56ef7616 -> dab67557edf404b82f38cdbb672e8db2
  custom:scripting/monoscript/fileName/DefineSpriteTagData.cs: 3875487d2a12ee60eeec4f407d547afc -> 5e937f6723030c5c9f8a21e1e4e9cdd4
  custom:scripting/monoscript/fileName/PlaceObject2TagData.cs: 509a5a81d5c27f5933a4a002ba4f07b8 -> 51b7838ab2fba44eb39aff4259e68dca
  custom:container-demuxer-webm: 4f35f7cbe854078d1ac9338744f61a02 -> 
  custom:scripting/monoscript/fileName/PlaceObjectTagData.cs: 74093830ab75727d047d2a869758c318 -> 4ebe58630681fcae10837405d4576a78
  custom:scripting/monoscript/fileName/DefineShapeTagData.cs: e51bb0494eaa2d073a457e8b19fd9867 -> 38fba02cdee20b2b33671df35829e3f7
  custom:video-decoder-ogg-theora: a1e56fd34408186e4bbccfd4996cb3dc -> 
  custom:scripting/monoscript/fileName/RemoveObject2TagData.cs: bf502e78444470cfaca4b2910b5d9887 -> a78501ecd9f59552478bd814d5b87b20
  custom:audio-encoder-webm-vorbis: bf7c407c2cedff20999df2af8eb42d56 -> 
  custom:scripting/monoscript/fileName/DefineBitsTagData.cs: e802b78e789bae474a939f5d9beda9a8 -> 6122e843b39713472fe57c3f77ba5848
  custom:scripting/monoscript/fileName/UnknownTagData.cs: f052e5bda6059d0531ea960b61e7d2e5 -> 2dd86caf1575c014ac6132964f101e6e
  custom:framework-win-MediaFoundation: 216162199b28c13a410421893ffa2e32 -> 
  custom:container-muxer-webm: aa71ff27fc2769a1b78a27578f13a17b -> 
========================================================================
Received Import Request.
  Time since last request: 8.134678 seconds.
  path: Assets/SwfParser/Runtime/Swf/TagFactory.cs
  artifactKey: Guid(de3fc593a979e48499213f59bed052fd) Importer(815301076,1909f56bfc062723c751e8b465ee728b)
Start importing Assets/SwfParser/Runtime/Swf/TagFactory.cs using Guid(de3fc593a979e48499213f59bed052fd) Importer(815301076,1909f56bfc062723c751e8b465ee728b)  -> (artifact id: '6791452bf2a5373e54943dfe6ae7837a') in 0.002348 seconds
Number of updated asset objects reloaded before import = 0
Number of asset objects unloaded after import = 0
